Arguments: 
  /home/razakarivelo/.nvm/versions/node/v16.18.0/bin/node /home/razakarivelo/.nvm/versions/node/v16.18.0/bin/yarn add joi bcrypt body-parser cors express expres-async-errors joi-objectid jsonwebtoken lodash moment mongoose winston

PATH: 
  /home/razakarivelo/.nvm/versions/node/v16.18.0/bin:/usr/local/sbin:/usr/local/bin:/usr/sbin:/usr/bin:/sbin:/bin:/usr/games:/usr/local/games:/snap/bin:/usr/local/go/bin

Yarn version: 
  1.22.19

Node version: 
  16.18.0

Platform: 
  linux x64

Trace: 
  Error: https://registry.yarnpkg.com/expres-async-errors: Not found
      at Request.params.callback [as _callback] (/home/razakarivelo/.nvm/versions/node/v16.18.0/lib/node_modules/yarn/lib/cli.js:66145:18)
      at Request.self.callback (/home/razakarivelo/.nvm/versions/node/v16.18.0/lib/node_modules/yarn/lib/cli.js:140890:22)
      at Request.emit (node:events:513:28)
      at Request.<anonymous> (/home/razakarivelo/.nvm/versions/node/v16.18.0/lib/node_modules/yarn/lib/cli.js:141862:10)
      at Request.emit (node:events:513:28)
      at IncomingMessage.<anonymous> (/home/razakarivelo/.nvm/versions/node/v16.18.0/lib/node_modules/yarn/lib/cli.js:141784:12)
      at Object.onceWrapper (node:events:627:28)
      at IncomingMessage.emit (node:events:525:35)
      at endReadableNT (node:internal/streams/readable:1358:12)
      at processTicksAndRejections (node:internal/process/task_queues:83:21)

npm manifest: 
  {
    "name": "server",
    "version": "1.0.0",
    "main": "index.js",
    "license": "MIT"
  }

yarn manifest: 
  No manifest

Lockfile: 
  No lockfile
